<?xml version="1.0" encoding="UTF-8"?>
<coverage generated="1752187183703" clover="3.2.0">
  <project timestamp="1752187183703" name="All files">
    <metrics statements="22" coveredstatements="22" conditionals="16" coveredconditionals="16" methods="5" coveredmethods="5" elements="43" coveredelements="43" complexity="0" loc="22" ncloc="22" packages="1" files="2" classes="2"/>
    <file name="index.ts" path="/home/rcferreira/Documents/testes-automatizados/random-puzzle/src/controllers/index.ts">
      <metrics statements="2" coveredstatements="2" conditionals="0" coveredconditionals="0" methods="1" coveredmethods="1"/>
      <line num="1" count="1" type="stmt"/>
      <line num="3" count="5" type="stmt"/>
    </file>
    <file name="palavrasPrimasController.ts" path="/home/rcferreira/Documents/testes-automatizados/random-puzzle/src/controllers/palavrasPrimasController.ts">
      <metrics statements="20" coveredstatements="20" conditionals="16" coveredconditionals="16" methods="4" coveredmethods="4"/>
      <line num="24" count="4" type="stmt"/>
      <line num="26" count="4" type="cond" truecount="4" falsecount="0"/>
      <line num="27" count="1" type="stmt"/>
      <line num="30" count="3" type="stmt"/>
      <line num="31" count="9" type="stmt"/>
      <line num="32" count="9" type="cond" truecount="4" falsecount="0"/>
      <line num="33" count="7" type="stmt"/>
      <line num="34" count="2" type="cond" truecount="4" falsecount="0"/>
      <line num="35" count="1" type="stmt"/>
      <line num="37" count="1" type="stmt"/>
      <line num="40" count="3" type="stmt"/>
      <line num="41" count="9" type="stmt"/>
      <line num="45" count="3" type="stmt"/>
      <line num="46" count="3" type="cond" truecount="2" falsecount="0"/>
      <line num="47" count="2" type="stmt"/>
      <line num="48" count="5" type="cond" truecount="2" falsecount="0"/>
      <line num="50" count="1" type="stmt"/>
      <line num="53" count="3" type="stmt"/>
      <line num="54" count="3" type="stmt"/>
      <line num="58" count="1" type="stmt"/>
    </file>
  </project>
</coverage>
