{"/home/rcferreira/Documents/testes-automatizados/random-puzzle/src/controllers/index.ts": {"path":"/home/rcferreira/Documents/testes-automatizados/random-puzzle/src/controllers/index.ts","statementMap":{"0":{"start":{"line":1,"column":0},"end":{"line":1,"column":9}},"1":{"start":{"line":3,"column":9},"end":{"line":1,"column":70}}},"fnMap":{"0":{"name":"(anonymous_0)","decl":{"start":{"line":3,"column":9},"end":{"line":3,"column":33}},"loc":{"start":{"line":3,"column":9},"end":{"line":1,"column":70}}}},"branchMap":{},"s":{"0":1,"1":5},"f":{"0":4},"b":{}}
,"/home/rcferreira/Documents/testes-automatizados/random-puzzle/src/controllers/palavrasPrimasController.ts": {"path":"/home/rcferreira/Documents/testes-automatizados/random-puzzle/src/controllers/palavrasPrimasController.ts","statementMap":{"0":{"start":{"line":24,"column":24},"end":{"line":24,"column":36}},"1":{"start":{"line":26,"column":4},"end":{"line":28,"column":5}},"2":{"start":{"line":27,"column":6},"end":{"line":27,"column":67}},"3":{"start":{"line":30,"column":23},"end":{"line":38,"column":5}},"4":{"start":{"line":31,"column":21},"end":{"line":31,"column":40}},"5":{"start":{"line":32,"column":6},"end":{"line":36,"column":7}},"6":{"start":{"line":33,"column":8},"end":{"line":33,"column":27}},"7":{"start":{"line":34,"column":13},"end":{"line":36,"column":7}},"8":{"start":{"line":35,"column":8},"end":{"line":35,"column":27}},"9":{"start":{"line":37,"column":6},"end":{"line":37,"column":15}},"10":{"start":{"line":40,"column":17},"end":{"line":42,"column":null}},"11":{"start":{"line":41,"column":22},"end":{"line":41,"column":45}},"12":{"start":{"line":45,"column":20},"end":{"line":51,"column":5}},"13":{"start":{"line":46,"column":6},"end":{"line":46,"column":33}},"14":{"start":{"line":46,"column":20},"end":{"line":46,"column":33}},"15":{"start":{"line":47,"column":6},"end":{"line":49,"column":7}},"16":{"start":{"line":47,"column":19},"end":{"line":47,"column":20}},"17":{"start":{"line":48,"column":8},"end":{"line":48,"column":40}},"18":{"start":{"line":48,"column":27},"end":{"line":48,"column":40}},"19":{"start":{"line":50,"column":6},"end":{"line":50,"column":18}},"20":{"start":{"line":53,"column":22},"end":{"line":53,"column":35}},"21":{"start":{"line":54,"column":4},"end":{"line":54,"column":52}},"22":{"start":{"line":58,"column":13},"end":{"line":58,"column":71}}},"fnMap":{"0":{"name":"(anonymous_7)","decl":{"start":{"line":18,"column":8},"end":{"line":18,"column":12}},"loc":{"start":{"line":22,"column":23},"end":{"line":55,"column":null}}},"1":{"name":"(anonymous_9)","decl":{"start":{"line":30,"column":23},"end":{"line":30,"column":24}},"loc":{"start":{"line":30,"column":49},"end":{"line":38,"column":5}}},"2":{"name":"(anonymous_10)","decl":{"start":{"line":41,"column":6},"end":{"line":41,"column":7}},"loc":{"start":{"line":41,"column":22},"end":{"line":41,"column":45}}},"3":{"name":"(anonymous_11)","decl":{"start":{"line":45,"column":20},"end":{"line":45,"column":21}},"loc":{"start":{"line":45,"column":45},"end":{"line":51,"column":5}}}},"branchMap":{"0":{"loc":{"start":{"line":26,"column":4},"end":{"line":28,"column":5}},"type":"if","locations":[{"start":{"line":26,"column":4},"end":{"line":28,"column":5}},{"start":{},"end":{}}]},"1":{"loc":{"start":{"line":26,"column":8},"end":{"line":26,"column":47}},"type":"binary-expr","locations":[{"start":{"line":26,"column":8},"end":{"line":26,"column":16}},{"start":{"line":26,"column":20},"end":{"line":26,"column":47}}]},"2":{"loc":{"start":{"line":32,"column":6},"end":{"line":36,"column":7}},"type":"if","locations":[{"start":{"line":32,"column":6},"end":{"line":36,"column":7}},{"start":{"line":34,"column":13},"end":{"line":36,"column":7}}]},"3":{"loc":{"start":{"line":32,"column":10},"end":{"line":32,"column":39}},"type":"binary-expr","locations":[{"start":{"line":32,"column":10},"end":{"line":32,"column":22}},{"start":{"line":32,"column":26},"end":{"line":32,"column":39}}]},"4":{"loc":{"start":{"line":34,"column":13},"end":{"line":36,"column":7}},"type":"if","locations":[{"start":{"line":34,"column":13},"end":{"line":36,"column":7}},{"start":{},"end":{}}]},"5":{"loc":{"start":{"line":34,"column":17},"end":{"line":34,"column":45}},"type":"binary-expr","locations":[{"start":{"line":34,"column":17},"end":{"line":34,"column":29}},{"start":{"line":34,"column":33},"end":{"line":34,"column":45}}]},"6":{"loc":{"start":{"line":46,"column":6},"end":{"line":46,"column":33}},"type":"if","locations":[{"start":{"line":46,"column":6},"end":{"line":46,"column":33}},{"start":{},"end":{}}]},"7":{"loc":{"start":{"line":48,"column":8},"end":{"line":48,"column":40}},"type":"if","locations":[{"start":{"line":48,"column":8},"end":{"line":48,"column":40}},{"start":{},"end":{}}]}},"s":{"0":4,"1":4,"2":1,"3":3,"4":9,"5":9,"6":7,"7":2,"8":1,"9":1,"10":3,"11":9,"12":3,"13":3,"14":1,"15":2,"16":2,"17":5,"18":1,"19":1,"20":3,"21":3,"22":1},"f":{"0":4,"1":9,"2":9,"3":3},"b":{"0":[1,3],"1":[4,3],"2":[7,2],"3":[9,7],"4":[1,1],"5":[2,1],"6":[1,2],"7":[1,4]}}
}
