TN:
SF:src/controllers/index.ts
FN:3,(anonymous_0)
FNF:1
FNH:1
FNDA:4,(anonymous_0)
DA:1,1
DA:3,5
LF:2
LH:2
BRF:0
BRH:0
end_of_record
TN:
SF:src/controllers/palavrasPrimasController.ts
FN:18,(anonymous_7)
FN:30,(anonymous_9)
FN:41,(anonymous_10)
FN:45,(anonymous_11)
FNF:4
FNH:4
FNDA:4,(anonymous_7)
FNDA:9,(anonymous_9)
FNDA:9,(anonymous_10)
FNDA:3,(anonymous_11)
DA:24,4
DA:26,4
DA:27,1
DA:30,3
DA:31,9
DA:32,9
DA:33,7
DA:34,2
DA:35,1
DA:37,1
DA:40,3
DA:41,9
DA:45,3
DA:46,3
DA:47,2
DA:48,5
DA:50,1
DA:53,3
DA:54,3
DA:58,1
LF:20
LH:20
BRDA:26,0,0,1
BRDA:26,0,1,3
BRDA:26,1,0,4
BRDA:26,1,1,3
BRDA:32,2,0,7
BRDA:32,2,1,2
BRDA:32,3,0,9
BRDA:32,3,1,7
BRDA:34,4,0,1
BRDA:34,4,1,1
BRDA:34,5,0,2
BRDA:34,5,1,1
BRDA:46,6,0,1
BRDA:46,6,1,2
BRDA:48,7,0,1
BRDA:48,7,1,4
BRF:16
BRH:16
end_of_record
